2026-05-14 23:06:51.258 [background-preinit] INFO  o.h.validator.internal.util.Version - [] [] - HV000001: Hibernate Validator 8.0.3.Final
2026-05-14 23:06:51.334 [restartedMain] INFO  c.e.f.FormBuilderApplication - [] [] - Starting FormBuilderApplication using Java 21.0.2 with PID 1280 (D:\projects\Form Builder Full App\formBuilder\formBuilder\target\classes started by mukes in D:\projects\Form Builder Full App\formBuilder)
2026-05-14 23:06:51.335 [restartedMain] DEBUG c.e.f.FormBuilderApplication - [] [] - Running with Spring Boot v3.5.11, Spring v6.2.16
2026-05-14 23:06:51.337 [restartedMain] INFO  c.e.f.FormBuilderApplication - [] [] - No active profile set, falling back to 1 default profile: "default"
2026-05-14 23:06:51.401 [restartedMain] INFO  o.s.b.d.e.DevToolsPropertyDefaultsPostProcessor - [] [] - Devtools property defaults active! Set 'spring.devtools.add-properties' to 'false' to disable
2026-05-14 23:06:51.401 [restartedMain] INFO  o.s.b.d.e.DevToolsPropertyDefaultsPostProcessor - [] [] - For additional web related logging consider setting the 'logging.level.web' property to 'DEBUG'
2026-05-14 23:06:53.936 [restartedMain] INFO  o.s.d.r.c.RepositoryConfigurationDelegate - [] [] - Bootstrapping Spring Data JPA repositories in DEFAULT mode.
2026-05-14 23:06:54.143 [restartedMain] INFO  o.s.d.r.c.RepositoryConfigurationDelegate - [] [] - Finished Spring Data repository scanning in 188 ms. Found 10 JPA repository interfaces.
2026-05-14 23:06:55.854 [restartedMain] INFO  o.s.b.w.e.tomcat.TomcatWebServer - [] [] - Tomcat initialized with port 9090 (http)
2026-05-14 23:06:55.876 [restartedMain] INFO  o.a.coyote.http11.Http11NioProtocol - [] [] - Initializing ProtocolHandler ["http-nio-9090"]
2026-05-14 23:06:55.883 [restartedMain] INFO  o.a.catalina.core.StandardService - [] [] - Starting service [Tomcat]
2026-05-14 23:06:55.883 [restartedMain] INFO  o.a.catalina.core.StandardEngine - [] [] - Starting Servlet engine: [Apache Tomcat/10.1.52]
2026-05-14 23:06:56.018 [restartedMain] INFO  o.a.c.c.C.[Tomcat].[localhost].[/] - [] [] - Initializing Spring embedded WebApplicationContext
2026-05-14 23:06:56.022 [restartedMain] INFO  o.s.b.w.s.c.ServletWebServerApplicationContext - [] [] - Root WebApplicationContext: initialization completed in 4620 ms
2026-05-14 23:06:56.775 [restartedMain] INFO  o.h.jpa.internal.util.LogHelper - [] [] - HHH000204: Processing PersistenceUnitInfo [name: default]
2026-05-14 23:06:57.121 [restartedMain] INFO  org.hibernate.Version - [] [] - HHH000412: Hibernate ORM core version 6.6.42.Final
2026-05-14 23:06:57.206 [restartedMain] INFO  o.h.c.i.RegionFactoryInitiator - [] [] - HHH000026: Second-level cache disabled
2026-05-14 23:06:57.881 [restartedMain] INFO  o.s.o.j.p.SpringPersistenceUnitInfo - [] [] - No LoadTimeWeaver setup: ignoring JPA class transformer
2026-05-14 23:06:57.965 [restartedMain] INFO  com.zaxxer.hikari.HikariDataSource - [] [] - HikariPool-1 - Starting...
2026-05-14 23:06:58.431 [restartedMain] INFO  com.zaxxer.hikari.pool.HikariPool - [] [] - HikariPool-1 - Added connection org.postgresql.jdbc.PgConnection@5fcdc92d
2026-05-14 23:06:58.435 [restartedMain] INFO  com.zaxxer.hikari.HikariDataSource - [] [] - HikariPool-1 - Start completed.
2026-05-14 23:06:58.538 [restartedMain] WARN  org.hibernate.orm.deprecation - [] [] - HHH90000025: PostgreSQLDialect does not need to be specified explicitly using 'hibernate.dialect' (remove the property setting and it will be selected by default)
2026-05-14 23:06:58.578 [restartedMain] INFO  o.hibernate.orm.connections.pooling - [] [] - HHH10001005: Database info:
	Database JDBC URL [Connecting through datasource 'HikariDataSource (HikariPool-1)']
	Database driver: undefined/unknown
	Database version: 18.1
	Autocommit mode: undefined/unknown
	Isolation level: undefined/unknown
	Minimum pool size: undefined/unknown
	Maximum pool size: undefined/unknown
2026-05-14 23:07:01.446 [restartedMain] INFO  o.h.e.t.j.p.i.JtaPlatformInitiator - [] [] - HHH000489: No JTA platform available (set 'hibernate.transaction.jta.platform' to enable JTA platform integration)
2026-05-14 23:07:02.053 [restartedMain] INFO  o.s.o.j.LocalContainerEntityManagerFactoryBean - [] [] - Initialized JPA EntityManagerFactory for persistence unit 'default'
2026-05-14 23:07:03.059 [restartedMain] DEBUG c.e.f.security.SessionControlFilter - [] [] - Filter 'sessionControlFilter' configured for use
2026-05-14 23:07:03.059 [restartedMain] DEBUG c.e.formBuilder.security.MdcFilter - [] [] - Filter 'mdcFilter' configured for use
2026-05-14 23:07:03.061 [restartedMain] DEBUG c.e.f.security.ActivityLoggingFilter - [] [] - Filter 'activityLoggingFilter' configured for use
2026-05-14 23:07:03.792 [restartedMain] INFO  o.s.d.j.r.query.QueryEnhancerFactory - [] [] - Hibernate is in classpath; If applicable, HQL parser will be used.
2026-05-14 23:07:05.804 [restartedMain] INFO  o.s.s.c.a.a.c.InitializeUserDetailsBeanManagerConfigurer$InitializeUserDetailsManagerConfigurer - [] [] - Global AuthenticationManager configured with UserDetailsService bean with name userDetailsServiceImpl
2026-05-14 23:07:06.537 [restartedMain] WARN  o.s.b.a.o.j.JpaBaseConfiguration$JpaWebConfiguration - [] [] - spring.jpa.open-in-view is enabled by default. Therefore, database queries may be performed during view rendering. Explicitly configure spring.jpa.open-in-view to disable this warning
2026-05-14 23:07:07.812 [restartedMain] INFO  o.s.b.d.a.OptionalLiveReloadServer - [] [] - LiveReload server is running on port 35729
2026-05-14 23:07:07.841 [restartedMain] INFO  o.a.coyote.http11.Http11NioProtocol - [] [] - Starting ProtocolHandler ["http-nio-9090"]
2026-05-14 23:07:07.913 [restartedMain] INFO  o.s.b.w.e.tomcat.TomcatWebServer - [] [] - Tomcat started on port 9090 (http) with context path '/'
2026-05-14 23:07:07.932 [restartedMain] INFO  c.e.f.FormBuilderApplication - [] [] - Started FormBuilderApplication in 17.242 seconds (process running for 18.048)
2026-05-14 23:07:08.139 [restartedMain] INFO  c.e.f.c.ApplicationReadyListener - [] [] - ----------------------------------------------------------
2026-05-14 23:07:08.140 [restartedMain] INFO  c.e.f.c.ApplicationReadyListener - [] [] - Application 'Form Builder' is running!
2026-05-14 23:07:08.157 [restartedMain] INFO  c.e.f.c.ApplicationReadyListener - [] [] - Port:     9090
2026-05-14 23:07:08.158 [restartedMain] INFO  c.e.f.c.ApplicationReadyListener - [] [] - Profiles: []
2026-05-14 23:07:08.158 [restartedMain] INFO  c.e.f.c.ApplicationReadyListener - [] [] - Database: CONNECTED (postgresql)
2026-05-14 23:07:08.170 [restartedMain] INFO  c.e.f.c.ApplicationReadyListener - [] [] - Startup:  17.45s
2026-05-14 23:07:08.171 [restartedMain] INFO  c.e.f.c.ApplicationReadyListener - [] [] - ----------------------------------------------------------
2026-05-14 23:07:08.210 [restartedMain] INFO  c.e.f.c.FormVersionMigrationRunner - [] [] - form_version schema initialized.
2026-05-14 23:07:08.732 [restartedMain] INFO  c.e.f.c.FormVersionMigrationRunner - [] [] - Form versioning schema and migration completed.
2026-05-14 23:07:08.847 [restartedMain] INFO  c.e.f.c.FormVersionMigrationRunner - [] [] - [SchemaDrift] Checking 4 published form(s) for schema drift...
2026-05-14 23:07:08.904 [restartedMain] INFO  c.e.f.c.FormVersionMigrationRunner - [] [] - [SchemaDrift] OK — form: 'resume collection'
2026-05-14 23:07:08.946 [restartedMain] INFO  c.e.f.c.FormVersionMigrationRunner - [] [] - [SchemaDrift] OK — form: 'student info'
2026-05-14 23:07:08.974 [restartedMain] INFO  c.e.f.c.FormVersionMigrationRunner - [] [] - [SchemaDrift] OK — form: 'test1'
2026-05-14 23:07:08.990 [restartedMain] INFO  c.e.f.c.FormVersionMigrationRunner - [] [] - [SchemaDrift] OK — form: 'test2'
2026-05-14 23:07:08.990 [restartedMain] INFO  c.e.f.c.FormVersionMigrationRunner - [] [] - [SchemaDrift] All published forms passed drift check.
2026-05-14 23:07:49.153 [http-nio-9090-exec-1] INFO  o.a.c.c.C.[Tomcat].[localhost].[/] - [] [] - Initializing Spring DispatcherServlet 'dispatcherServlet'
2026-05-14 23:07:49.153 [http-nio-9090-exec-1] INFO  o.s.web.servlet.DispatcherServlet - [] [] - Initializing Servlet 'dispatcherServlet'
2026-05-14 23:07:49.157 [http-nio-9090-exec-1] INFO  o.s.web.servlet.DispatcherServlet - [] [] - Completed initialization in 2 ms
2026-05-14 23:07:53.144 [http-nio-9090-exec-4] INFO  c.e.formBuilder.service.AuthService - [86a240a3] [] - SECURITY_EVENT: [LOGIN_SUCCESS] user=krish reqId=86a240a3
2026-05-14 23:07:53.241 [http-nio-9090-exec-4] INFO  c.e.f.security.ActivityLoggingFilter - [86a240a3] [krish] - Activity: [POST /api/v1/auth/login] status=200 duration=927ms user=krish reqId=86a240a3
2026-05-14 23:07:53.504 [http-nio-9090-exec-3] INFO  c.e.f.security.ActivityLoggingFilter - [344ede7d] [krish] - Activity: [GET /api/v1/auth/me] status=200 duration=249ms user=krish reqId=344ede7d
2026-05-14 23:08:07.827 [http-nio-9090-exec-8] INFO  c.e.formBuilder.service.AuthService - [58dab629] [krish] - SECURITY_EVENT: [LOGOUT] user=krish reqId=58dab629
2026-05-14 23:08:07.830 [http-nio-9090-exec-8] INFO  c.e.f.security.ActivityLoggingFilter - [58dab629] [krish] - Activity: [POST /api/v1/auth/logout] status=200 duration=6ms user=krish reqId=58dab629
2026-05-14 23:08:12.653 [http-nio-9090-exec-10] INFO  c.e.formBuilder.service.AuthService - [61da8321] [] - SECURITY_EVENT: [LOGIN_SUCCESS] user=admin reqId=61da8321
2026-05-14 23:08:12.655 [http-nio-9090-exec-10] INFO  c.e.f.security.ActivityLoggingFilter - [61da8321] [admin] - Activity: [POST /api/v1/auth/login] status=200 duration=175ms user=admin reqId=61da8321
2026-05-14 23:08:12.724 [http-nio-9090-exec-1] INFO  c.e.f.security.ActivityLoggingFilter - [23224e00] [admin] - Activity: [GET /api/v1/auth/me] status=200 duration=60ms user=admin reqId=23224e00
2026-05-14 23:08:45.615 [SpringApplicationShutdownHook] INFO  o.s.b.w.e.tomcat.GracefulShutdown - [] [] - Commencing graceful shutdown. Waiting for active requests to complete
2026-05-14 23:08:45.621 [tomcat-shutdown] INFO  o.s.b.w.e.tomcat.GracefulShutdown - [] [] - Graceful shutdown complete
2026-05-14 23:08:45.626 [SpringApplicationShutdownHook] INFO  o.s.o.j.LocalContainerEntityManagerFactoryBean - [] [] - Closing JPA EntityManagerFactory for persistence unit 'default'
2026-05-14 23:08:45.630 [SpringApplicationShutdownHook] INFO  com.zaxxer.hikari.HikariDataSource - [] [] - HikariPool-1 - Shutdown initiated...
2026-05-14 23:08:45.638 [SpringApplicationShutdownHook] INFO  com.zaxxer.hikari.HikariDataSource - [] [] - HikariPool-1 - Shutdown completed.
